<?xml version="1.0" encoding="UTF-8"?>
<testsuite xmlns:xsi="http://www.w3.org/2001/XMLSchema-instance" xsi:schemaLocation="https://maven.apache.org/surefire/maven-surefire-plugin/xsd/surefire-test-report.xsd" name="BaseTest" time="0.108" tests="2" errors="0" skipped="2" failures="0">
  <properties>
[...]
</properties>
  <testcase name="testFirstLinkInSearch" classname="BaseTest" time="0">
    <skipped/>
  </testcase>
  <testcase name="Test" classname="BaseTest" time="0">
    <skipped/>
  </testcase>
</testsuite>